2025-05-23 08:49:35 [restartedMain] INFO  com.cts.blms.BlmsApplication - Starting BlmsApplication using Java 21.0.6 with PID 30484 (C:\Users\2400632\git\Bank_Loan_Management_System\blms\target\classes started by 2400632 in C:\Users\2400632\git\Bank_Loan_Management_System\blms)
2025-05-23 08:49:35 [restartedMain] DEBUG com.cts.blms.BlmsApplication - Running with Spring Boot v3.4.5, Spring v6.2.6
2025-05-23 08:49:35 [restartedMain] INFO  com.cts.blms.BlmsApplication - No active profile set, falling back to 1 default profile: "default"
2025-05-23 08:49:42 [restartedMain] INFO  com.cts.blms.BlmsApplication - Started BlmsApplication in 7.286 seconds (process running for 9.387)
2025-05-23 08:56:14 [http-nio-8081-exec-1] INFO  com.cts.blms.controller.CustomerController - Directed to Home page 
2025-05-23 08:56:14 [http-nio-8081-exec-1] DEBUG com.cts.blms.controller.CustomerController - Null valueCustomer(customerId=0, name=null, email=null, password=null, phone=null, address=null, kycStatus=null)
2025-05-23 08:58:51 [restartedMain] INFO  com.cts.blms.BlmsApplication - Starting BlmsApplication using Java 21.0.6 with PID 30484 (C:\Users\2400632\git\Bank_Loan_Management_System\blms\target\classes started by 2400632 in C:\Users\2400632\git\Bank_Loan_Management_System\blms)
2025-05-23 08:58:51 [restartedMain] DEBUG com.cts.blms.BlmsApplication - Running with Spring Boot v3.4.5, Spring v6.2.6
2025-05-23 08:58:51 [restartedMain] INFO  com.cts.blms.BlmsApplication - No active profile set, falling back to 1 default profile: "default"
2025-05-23 08:58:52 [restartedMain] INFO  com.cts.blms.BlmsApplication - Started BlmsApplication in 0.755 seconds (process running for 559.152)
2025-05-23 08:59:03 [restartedMain] INFO  com.cts.blms.BlmsApplication - Starting BlmsApplication using Java 21.0.6 with PID 30484 (C:\Users\2400632\git\Bank_Loan_Management_System\blms\target\classes started by 2400632 in C:\Users\2400632\git\Bank_Loan_Management_System\blms)
2025-05-23 08:59:03 [restartedMain] DEBUG com.cts.blms.BlmsApplication - Running with Spring Boot v3.4.5, Spring v6.2.6
2025-05-23 08:59:03 [restartedMain] INFO  com.cts.blms.BlmsApplication - No active profile set, falling back to 1 default profile: "default"
2025-05-23 08:59:03 [restartedMain] INFO  com.cts.blms.BlmsApplication - Started BlmsApplication in 0.5 seconds (process running for 570.445)
2025-05-23 08:59:08 [restartedMain] INFO  com.cts.blms.BlmsApplication - Starting BlmsApplication using Java 21.0.6 with PID 30484 (C:\Users\2400632\git\Bank_Loan_Management_System\blms\target\classes started by 2400632 in C:\Users\2400632\git\Bank_Loan_Management_System\blms)
2025-05-23 08:59:08 [restartedMain] DEBUG com.cts.blms.BlmsApplication - Running with Spring Boot v3.4.5, Spring v6.2.6
2025-05-23 08:59:08 [restartedMain] INFO  com.cts.blms.BlmsApplication - No active profile set, falling back to 1 default profile: "default"
2025-05-23 08:59:08 [restartedMain] INFO  com.cts.blms.BlmsApplication - Started BlmsApplication in 0.59 seconds (process running for 575.649)
2025-05-23 09:00:07 [restartedMain] INFO  com.cts.blms.BlmsApplication - Starting BlmsApplication using Java 21.0.6 with PID 30484 (C:\Users\2400632\git\Bank_Loan_Management_System\blms\target\classes started by 2400632 in C:\Users\2400632\git\Bank_Loan_Management_System\blms)
2025-05-23 09:00:07 [restartedMain] DEBUG com.cts.blms.BlmsApplication - Running with Spring Boot v3.4.5, Spring v6.2.6
2025-05-23 09:00:07 [restartedMain] INFO  com.cts.blms.BlmsApplication - No active profile set, falling back to 1 default profile: "default"
2025-05-23 09:00:07 [restartedMain] INFO  com.cts.blms.BlmsApplication - Started BlmsApplication in 0.457 seconds (process running for 634.226)
2025-05-23 09:04:59 [restartedMain] INFO  com.cts.blms.BlmsApplication - Starting BlmsApplication using Java 21.0.6 with PID 30484 (C:\Users\2400632\git\Bank_Loan_Management_System\blms\target\classes started by 2400632 in C:\Users\2400632\git\Bank_Loan_Management_System\blms)
2025-05-23 09:04:59 [restartedMain] DEBUG com.cts.blms.BlmsApplication - Running with Spring Boot v3.4.5, Spring v6.2.6
2025-05-23 09:04:59 [restartedMain] INFO  com.cts.blms.BlmsApplication - No active profile set, falling back to 1 default profile: "default"
2025-05-23 09:04:59 [restartedMain] INFO  com.cts.blms.BlmsApplication - Started BlmsApplication in 0.66 seconds (process running for 926.578)
2025-05-23 09:08:28 [http-nio-8081-exec-2] INFO  com.cts.blms.controller.CustomerController - Directed to Home page 
2025-05-23 09:08:28 [http-nio-8081-exec-2] DEBUG com.cts.blms.controller.CustomerController - Null valueCustomer(customerId=0, name=null, email=null, password=null, phone=null, address=null, kycStatus=null)
2025-05-23 09:11:06 [restartedMain] INFO  com.cts.blms.BlmsApplication - Starting BlmsApplication using Java 21.0.6 with PID 30484 (C:\Users\2400632\git\Bank_Loan_Management_System\blms\target\classes started by 2400632 in C:\Users\2400632\git\Bank_Loan_Management_System\blms)
2025-05-23 09:11:06 [restartedMain] DEBUG com.cts.blms.BlmsApplication - Running with Spring Boot v3.4.5, Spring v6.2.6
2025-05-23 09:11:06 [restartedMain] INFO  com.cts.blms.BlmsApplication - No active profile set, falling back to 1 default profile: "default"
2025-05-23 09:11:06 [restartedMain] INFO  com.cts.blms.BlmsApplication - Started BlmsApplication in 0.809 seconds (process running for 1293.718)
2025-05-23 09:11:08 [restartedMain] INFO  com.cts.blms.BlmsApplication - Starting BlmsApplication using Java 21.0.6 with PID 30484 (C:\Users\2400632\git\Bank_Loan_Management_System\blms\target\classes started by 2400632 in C:\Users\2400632\git\Bank_Loan_Management_System\blms)
2025-05-23 09:11:08 [restartedMain] DEBUG com.cts.blms.BlmsApplication - Running with Spring Boot v3.4.5, Spring v6.2.6
2025-05-23 09:11:08 [restartedMain] INFO  com.cts.blms.BlmsApplication - No active profile set, falling back to 1 default profile: "default"
2025-05-23 09:11:09 [restartedMain] INFO  com.cts.blms.BlmsApplication - Started BlmsApplication in 0.584 seconds (process running for 1295.82)
2025-05-23 09:11:44 [restartedMain] INFO  com.cts.blms.BlmsApplication - Starting BlmsApplication using Java 21.0.6 with PID 30484 (C:\Users\2400632\git\Bank_Loan_Management_System\blms\target\classes started by 2400632 in C:\Users\2400632\git\Bank_Loan_Management_System\blms)
2025-05-23 09:11:44 [restartedMain] DEBUG com.cts.blms.BlmsApplication - Running with Spring Boot v3.4.5, Spring v6.2.6
2025-05-23 09:11:44 [restartedMain] INFO  com.cts.blms.BlmsApplication - No active profile set, falling back to 1 default profile: "default"
2025-05-23 09:11:45 [restartedMain] INFO  com.cts.blms.BlmsApplication - Started BlmsApplication in 0.58 seconds (process running for 1332.011)
2025-05-23 09:12:10 [restartedMain] INFO  com.cts.blms.BlmsApplication - Starting BlmsApplication using Java 21.0.6 with PID 30484 (C:\Users\2400632\git\Bank_Loan_Management_System\blms\target\classes started by 2400632 in C:\Users\2400632\git\Bank_Loan_Management_System\blms)
2025-05-23 09:12:10 [restartedMain] DEBUG com.cts.blms.BlmsApplication - Running with Spring Boot v3.4.5, Spring v6.2.6
2025-05-23 09:12:10 [restartedMain] INFO  com.cts.blms.BlmsApplication - No active profile set, falling back to 1 default profile: "default"
2025-05-23 09:12:11 [restartedMain] INFO  com.cts.blms.BlmsApplication - Started BlmsApplication in 0.511 seconds (process running for 1357.808)
2025-05-23 09:12:20 [restartedMain] INFO  com.cts.blms.BlmsApplication - Starting BlmsApplication using Java 21.0.6 with PID 30484 (C:\Users\2400632\git\Bank_Loan_Management_System\blms\target\classes started by 2400632 in C:\Users\2400632\git\Bank_Loan_Management_System\blms)
2025-05-23 09:12:20 [restartedMain] DEBUG com.cts.blms.BlmsApplication - Running with Spring Boot v3.4.5, Spring v6.2.6
2025-05-23 09:12:20 [restartedMain] INFO  com.cts.blms.BlmsApplication - No active profile set, falling back to 1 default profile: "default"
2025-05-23 09:12:21 [restartedMain] INFO  com.cts.blms.BlmsApplication - Started BlmsApplication in 0.893 seconds (process running for 1368.425)
2025-05-23 09:12:29 [http-nio-8081-exec-1] INFO  com.cts.blms.controller.CustomerController - Directed to Home page 
2025-05-23 09:12:29 [http-nio-8081-exec-1] DEBUG com.cts.blms.controller.CustomerController - Null valueCustomer(customerId=0, name=null, email=null, password=null, phone=null, address=null, kycStatus=null)
2025-05-23 09:26:19 [restartedMain] INFO  com.cts.blms.BlmsApplication - Starting BlmsApplication using Java 21.0.6 with PID 30484 (C:\Users\2400632\git\Bank_Loan_Management_System\blms\target\classes started by 2400632 in C:\Users\2400632\git\Bank_Loan_Management_System\blms)
2025-05-23 09:26:19 [restartedMain] DEBUG com.cts.blms.BlmsApplication - Running with Spring Boot v3.4.5, Spring v6.2.6
2025-05-23 09:26:19 [restartedMain] INFO  com.cts.blms.BlmsApplication - No active profile set, falling back to 1 default profile: "default"
2025-05-23 09:26:20 [restartedMain] INFO  com.cts.blms.BlmsApplication - Started BlmsApplication in 1.067 seconds (process running for 2206.865)
2025-05-23 09:27:15 [restartedMain] INFO  com.cts.blms.BlmsApplication - Starting BlmsApplication using Java 21.0.6 with PID 30484 (C:\Users\2400632\git\Bank_Loan_Management_System\blms\target\classes started by 2400632 in C:\Users\2400632\git\Bank_Loan_Management_System\blms)
2025-05-23 09:27:15 [restartedMain] DEBUG com.cts.blms.BlmsApplication - Running with Spring Boot v3.4.5, Spring v6.2.6
2025-05-23 09:27:15 [restartedMain] INFO  com.cts.blms.BlmsApplication - No active profile set, falling back to 1 default profile: "default"
2025-05-23 09:27:16 [restartedMain] INFO  com.cts.blms.BlmsApplication - Started BlmsApplication in 0.624 seconds (process running for 2263.187)
2025-05-23 09:44:18 [restartedMain] INFO  com.cts.blms.BlmsApplication - Starting BlmsApplication using Java 21.0.6 with PID 25072 (C:\Users\2400632\git\Bank_Loan_Management_System\blms\target\classes started by 2400632 in C:\Users\2400632\git\Bank_Loan_Management_System\blms)
2025-05-23 09:44:18 [restartedMain] DEBUG com.cts.blms.BlmsApplication - Running with Spring Boot v3.4.5, Spring v6.2.6
2025-05-23 09:44:18 [restartedMain] INFO  com.cts.blms.BlmsApplication - No active profile set, falling back to 1 default profile: "default"
2025-05-23 09:44:24 [restartedMain] INFO  com.cts.blms.BlmsApplication - Started BlmsApplication in 7.016 seconds (process running for 9.478)
2025-05-23 09:44:28 [http-nio-8081-exec-1] INFO  com.cts.blms.controller.CustomerController - Directed to Home page 
2025-05-23 09:44:28 [http-nio-8081-exec-1] DEBUG com.cts.blms.controller.CustomerController - Null valueCustomer(customerId=0, name=null, email=null, password=null, phone=null, address=null, kycStatus=null)
2025-05-23 09:44:33 [http-nio-8081-exec-5] INFO  com.cts.blms.controller.CustomerController - Directed to Home page 
2025-05-23 09:44:33 [http-nio-8081-exec-5] DEBUG com.cts.blms.controller.CustomerController - Null valueCustomer(customerId=0, name=null, email=null, password=null, phone=null, address=null, kycStatus=null)
2025-05-23 09:56:41 [http-nio-8081-exec-5] INFO  com.cts.blms.controller.CustomerController - Directed to Home page 
2025-05-23 09:56:41 [http-nio-8081-exec-5] DEBUG com.cts.blms.controller.CustomerController - Null valueCustomer(customerId=0, name=null, email=null, password=null, phone=null, address=null, kycStatus=null)
2025-05-23 09:59:30 [http-nio-8081-exec-6] INFO  com.cts.blms.controller.CustomerController - Directed to Home page 
2025-05-23 09:59:30 [http-nio-8081-exec-6] DEBUG com.cts.blms.controller.CustomerController - Null valueCustomer(customerId=0, name=null, email=null, password=null, phone=null, address=null, kycStatus=null)
2025-05-23 09:59:40 [http-nio-8081-exec-3] INFO  com.cts.blms.controller.CustomerController - Directed to Home page 
2025-05-23 09:59:40 [http-nio-8081-exec-3] DEBUG com.cts.blms.controller.CustomerController - Null valueCustomer(customerId=0, name=null, email=null, password=null, phone=null, address=null, kycStatus=null)
2025-05-23 09:59:54 [http-nio-8081-exec-8] INFO  com.cts.blms.controller.CustomerController - Directed to Home page 
2025-05-23 09:59:54 [http-nio-8081-exec-8] DEBUG com.cts.blms.controller.CustomerController - Null valueCustomer(customerId=0, name=null, email=null, password=null, phone=null, address=null, kycStatus=null)
2025-05-23 10:00:20 [http-nio-8081-exec-9] INFO  com.cts.blms.controller.CustomerController - Directed to Home page 
2025-05-23 10:00:20 [http-nio-8081-exec-9] DEBUG com.cts.blms.controller.CustomerController - Null valueCustomer(customerId=0, name=null, email=null, password=null, phone=null, address=null, kycStatus=null)
2025-05-23 10:01:38 [http-nio-8081-exec-5] INFO  com.cts.blms.controller.CustomerController - Directed to Home page 
2025-05-23 10:01:38 [http-nio-8081-exec-5] DEBUG com.cts.blms.controller.CustomerController - Null valueCustomer(customerId=0, name=null, email=null, password=null, phone=null, address=null, kycStatus=null)
2025-05-23 10:02:23 [http-nio-8081-exec-4] INFO  com.cts.blms.controller.CustomerController - Directed to Home page 
2025-05-23 10:02:23 [http-nio-8081-exec-4] DEBUG com.cts.blms.controller.CustomerController - Null valueCustomer(customerId=0, name=null, email=null, password=null, phone=null, address=null, kycStatus=null)
2025-05-23 10:03:14 [http-nio-8081-exec-10] INFO  com.cts.blms.controller.CustomerController - Directed to Home page 
2025-05-23 10:03:14 [http-nio-8081-exec-10] DEBUG com.cts.blms.controller.CustomerController - Null valueCustomer(customerId=0, name=null, email=null, password=null, phone=null, address=null, kycStatus=null)
2025-05-23 10:03:35 [http-nio-8081-exec-2] INFO  com.cts.blms.controller.CustomerController - Directed to Home page 
2025-05-23 10:03:35 [http-nio-8081-exec-2] DEBUG com.cts.blms.controller.CustomerController - Null valueCustomer(customerId=0, name=null, email=null, password=null, phone=null, address=null, kycStatus=null)
2025-05-23 10:05:02 [http-nio-8081-exec-4] INFO  com.cts.blms.controller.CustomerController - Directed to Home page 
2025-05-23 10:05:02 [http-nio-8081-exec-4] DEBUG com.cts.blms.controller.CustomerController - Null valueCustomer(customerId=0, name=null, email=null, password=null, phone=null, address=null, kycStatus=null)
2025-05-23 10:08:25 [http-nio-8081-exec-4] INFO  com.cts.blms.controller.CustomerController - Directed to Home page 
2025-05-23 10:08:25 [http-nio-8081-exec-4] DEBUG com.cts.blms.controller.CustomerController - Null valueCustomer(customerId=0, name=null, email=null, password=null, phone=null, address=null, kycStatus=null)
2025-05-23 10:08:54 [http-nio-8081-exec-6] INFO  com.cts.blms.controller.CustomerController - Directed to Home page 
2025-05-23 10:08:54 [http-nio-8081-exec-6] DEBUG com.cts.blms.controller.CustomerController - Null valueCustomer(customerId=0, name=null, email=null, password=null, phone=null, address=null, kycStatus=null)
2025-05-23 10:10:19 [http-nio-8081-exec-2] INFO  com.cts.blms.controller.CustomerController - Directed to Home page 
2025-05-23 10:10:19 [http-nio-8081-exec-2] DEBUG com.cts.blms.controller.CustomerController - Null valueCustomer(customerId=0, name=null, email=null, password=null, phone=null, address=null, kycStatus=null)
2025-05-23 10:11:08 [http-nio-8081-exec-8] INFO  com.cts.blms.controller.CustomerController - Directed to Home page 
2025-05-23 10:11:08 [http-nio-8081-exec-8] DEBUG com.cts.blms.controller.CustomerController - Null valueCustomer(customerId=0, name=null, email=null, password=null, phone=null, address=null, kycStatus=null)
2025-05-23 10:13:33 [http-nio-8081-exec-6] INFO  com.cts.blms.controller.CustomerController - Directed to Home page 
2025-05-23 10:13:33 [http-nio-8081-exec-6] DEBUG com.cts.blms.controller.CustomerController - Null valueCustomer(customerId=0, name=null, email=null, password=null, phone=null, address=null, kycStatus=null)
2025-05-23 10:14:08 [http-nio-8081-exec-1] INFO  com.cts.blms.controller.CustomerController - Directed to Home page 
2025-05-23 10:14:08 [http-nio-8081-exec-1] DEBUG com.cts.blms.controller.CustomerController - Null valueCustomer(customerId=0, name=null, email=null, password=null, phone=null, address=null, kycStatus=null)
2025-05-23 10:22:20 [restartedMain] INFO  com.cts.blms.BlmsApplication - Starting BlmsApplication using Java 21.0.6 with PID 25072 (C:\Users\2400632\git\Bank_Loan_Management_System\blms\target\classes started by 2400632 in C:\Users\2400632\git\Bank_Loan_Management_System\blms)
2025-05-23 10:22:20 [restartedMain] DEBUG com.cts.blms.BlmsApplication - Running with Spring Boot v3.4.5, Spring v6.2.6
2025-05-23 10:22:20 [restartedMain] INFO  com.cts.blms.BlmsApplication - No active profile set, falling back to 1 default profile: "default"
2025-05-23 10:22:22 [restartedMain] INFO  com.cts.blms.BlmsApplication - Started BlmsApplication in 2.588 seconds (process running for 2287.4)
2025-05-23 10:23:25 [restartedMain] INFO  com.cts.blms.BlmsApplication - Starting BlmsApplication using Java 21.0.6 with PID 25072 (C:\Users\2400632\git\Bank_Loan_Management_System\blms\target\classes started by 2400632 in C:\Users\2400632\git\Bank_Loan_Management_System\blms)
2025-05-23 10:23:25 [restartedMain] DEBUG com.cts.blms.BlmsApplication - Running with Spring Boot v3.4.5, Spring v6.2.6
2025-05-23 10:23:25 [restartedMain] INFO  com.cts.blms.BlmsApplication - No active profile set, falling back to 1 default profile: "default"
2025-05-23 10:23:27 [restartedMain] INFO  com.cts.blms.BlmsApplication - Started BlmsApplication in 1.346 seconds (process running for 2351.886)
2025-05-23 10:23:44 [http-nio-8081-exec-1] INFO  com.cts.blms.controller.CustomerController - Directed to Home page 
2025-05-23 10:23:44 [http-nio-8081-exec-1] DEBUG com.cts.blms.controller.CustomerController - Null valueCustomer(customerId=0, name=null, email=null, password=null, phone=null, address=null, kycStatus=null)
2025-05-23 10:24:06 [http-nio-8081-exec-4] INFO  com.cts.blms.controller.CustomerController - Directed to Home page 
2025-05-23 10:24:06 [http-nio-8081-exec-4] DEBUG com.cts.blms.controller.CustomerController - Null valueCustomer(customerId=0, name=null, email=null, password=null, phone=null, address=null, kycStatus=null)
2025-05-23 10:35:32 [restartedMain] INFO  com.cts.blms.BlmsApplication - Starting BlmsApplication using Java 21.0.6 with PID 30724 (C:\Users\2400632\git\Bank_Loan_Management_System\blms\target\classes started by 2400632 in C:\Users\2400632\git\Bank_Loan_Management_System\blms)
2025-05-23 10:35:32 [restartedMain] DEBUG com.cts.blms.BlmsApplication - Running with Spring Boot v3.4.5, Spring v6.2.6
2025-05-23 10:35:32 [restartedMain] INFO  com.cts.blms.BlmsApplication - No active profile set, falling back to 1 default profile: "default"
2025-05-23 10:35:40 [restartedMain] INFO  com.cts.blms.BlmsApplication - Started BlmsApplication in 8.917 seconds (process running for 11.716)
2025-05-23 10:36:04 [http-nio-8081-exec-2] INFO  com.cts.blms.controller.CustomerController - Directed to Home page 
2025-05-23 10:36:04 [http-nio-8081-exec-2] DEBUG com.cts.blms.controller.CustomerController - Null valueCustomer(customerId=0, name=null, email=null, password=null, phone=null, address=null, kycStatus=null)
2025-05-23 10:43:48 [restartedMain] INFO  com.cts.blms.BlmsApplication - Starting BlmsApplication using Java 21.0.6 with PID 30724 (C:\Users\2400632\git\Bank_Loan_Management_System\blms\target\classes started by 2400632 in C:\Users\2400632\git\Bank_Loan_Management_System\blms)
2025-05-23 10:43:48 [restartedMain] DEBUG com.cts.blms.BlmsApplication - Running with Spring Boot v3.4.5, Spring v6.2.6
2025-05-23 10:43:48 [restartedMain] INFO  com.cts.blms.BlmsApplication - No active profile set, falling back to 1 default profile: "default"
2025-05-23 10:43:49 [restartedMain] INFO  com.cts.blms.BlmsApplication - Started BlmsApplication in 1.286 seconds (process running for 500.702)
2025-05-23 10:44:33 [restartedMain] INFO  com.cts.blms.BlmsApplication - Starting BlmsApplication using Java 21.0.6 with PID 30724 (C:\Users\2400632\git\Bank_Loan_Management_System\blms\target\classes started by 2400632 in C:\Users\2400632\git\Bank_Loan_Management_System\blms)
2025-05-23 10:44:33 [restartedMain] DEBUG com.cts.blms.BlmsApplication - Running with Spring Boot v3.4.5, Spring v6.2.6
2025-05-23 10:44:33 [restartedMain] INFO  com.cts.blms.BlmsApplication - No active profile set, falling back to 1 default profile: "default"
2025-05-23 10:44:34 [restartedMain] INFO  com.cts.blms.BlmsApplication - Started BlmsApplication in 1.277 seconds (process running for 546.373)
2025-05-23 10:49:48 [http-nio-8081-exec-4] INFO  com.cts.blms.controller.CustomerController - Directed to Home page 
2025-05-23 10:49:48 [http-nio-8081-exec-4] DEBUG com.cts.blms.controller.CustomerController - Null valueCustomer(customerId=0, name=null, email=null, password=null, phone=null, address=null, kycStatus=null)
2025-05-23 10:52:04 [http-nio-8081-exec-2] INFO  com.cts.blms.controller.CustomerController - Directed to Home page 
2025-05-23 10:52:04 [http-nio-8081-exec-2] DEBUG com.cts.blms.controller.CustomerController - Null valueCustomer(customerId=0, name=null, email=null, password=null, phone=null, address=null, kycStatus=null)
2025-05-23 11:34:46 [restartedMain] INFO  com.cts.blms.BlmsApplication - Starting BlmsApplication using Java 21.0.6 with PID 32516 (C:\Users\2400632\git\Bank_Loan_Management_System\blms\target\classes started by 2400632 in C:\Users\2400632\git\Bank_Loan_Management_System\blms)
2025-05-23 11:34:46 [restartedMain] DEBUG com.cts.blms.BlmsApplication - Running with Spring Boot v3.4.5, Spring v6.2.6
2025-05-23 11:34:46 [restartedMain] INFO  com.cts.blms.BlmsApplication - No active profile set, falling back to 1 default profile: "default"
2025-05-23 11:34:58 [restartedMain] INFO  com.cts.blms.BlmsApplication - Started BlmsApplication in 12.467 seconds (process running for 15.713)
2025-05-23 11:34:59 [http-nio-8081-exec-1] INFO  com.cts.blms.controller.CustomerController - Directed to Home page 
2025-05-23 11:34:59 [http-nio-8081-exec-1] DEBUG com.cts.blms.controller.CustomerController - Null valueCustomer(customerId=0, name=null, email=null, password=null, phone=null, address=null, kycStatus=null)
2025-05-23 11:43:37 [restartedMain] INFO  com.cts.blms.BlmsApplication - Starting BlmsApplication using Java 21.0.6 with PID 14668 (C:\Users\2400632\git\Bank_Loan_Management_System\blms\target\classes started by 2400632 in C:\Users\2400632\git\Bank_Loan_Management_System\blms)
2025-05-23 11:43:37 [restartedMain] DEBUG com.cts.blms.BlmsApplication - Running with Spring Boot v3.4.5, Spring v6.2.6
2025-05-23 11:43:37 [restartedMain] INFO  com.cts.blms.BlmsApplication - No active profile set, falling back to 1 default profile: "default"
2025-05-23 11:43:51 [restartedMain] INFO  com.cts.blms.BlmsApplication - Started BlmsApplication in 14.867 seconds (process running for 17.734)
2025-05-23 11:45:36 [restartedMain] INFO  com.cts.blms.BlmsApplication - Starting BlmsApplication using Java 21.0.6 with PID 14668 (C:\Users\2400632\git\Bank_Loan_Management_System\blms\target\classes started by 2400632 in C:\Users\2400632\git\Bank_Loan_Management_System\blms)
2025-05-23 11:45:36 [restartedMain] DEBUG com.cts.blms.BlmsApplication - Running with Spring Boot v3.4.5, Spring v6.2.6
2025-05-23 11:45:36 [restartedMain] INFO  com.cts.blms.BlmsApplication - No active profile set, falling back to 1 default profile: "default"
2025-05-23 11:45:37 [restartedMain] INFO  com.cts.blms.BlmsApplication - Started BlmsApplication in 1.1 seconds (process running for 124.307)
2025-05-23 11:45:43 [restartedMain] INFO  com.cts.blms.BlmsApplication - Starting BlmsApplication using Java 21.0.6 with PID 14668 (C:\Users\2400632\git\Bank_Loan_Management_System\blms\target\classes started by 2400632 in C:\Users\2400632\git\Bank_Loan_Management_System\blms)
2025-05-23 11:45:43 [restartedMain] DEBUG com.cts.blms.BlmsApplication - Running with Spring Boot v3.4.5, Spring v6.2.6
2025-05-23 11:45:43 [restartedMain] INFO  com.cts.blms.BlmsApplication - No active profile set, falling back to 1 default profile: "default"
2025-05-23 11:45:44 [restartedMain] INFO  com.cts.blms.BlmsApplication - Started BlmsApplication in 1.174 seconds (process running for 131.221)
2025-05-23 11:46:52 [http-nio-8081-exec-3] INFO  com.cts.blms.controller.CustomerController - Directed to Home page 
2025-05-23 11:46:52 [http-nio-8081-exec-3] DEBUG com.cts.blms.controller.CustomerController - Null valueCustomer(customerId=0, name=null, email=null, password=null, phone=null, address=null, kycStatus=null)
2025-05-23 11:48:22 [restartedMain] INFO  com.cts.blms.BlmsApplication - Starting BlmsApplication using Java 21.0.6 with PID 10132 (C:\Users\2400632\git\Bank_Loan_Management_System\blms\target\classes started by 2400632 in C:\Users\2400632\git\Bank_Loan_Management_System\blms)
2025-05-23 11:48:22 [restartedMain] DEBUG com.cts.blms.BlmsApplication - Running with Spring Boot v3.4.5, Spring v6.2.6
2025-05-23 11:48:22 [restartedMain] INFO  com.cts.blms.BlmsApplication - No active profile set, falling back to 1 default profile: "default"
2025-05-23 11:48:27 [restartedMain] INFO  com.cts.blms.BlmsApplication - Started BlmsApplication in 6.576 seconds (process running for 8.374)
2025-05-23 11:48:41 [http-nio-8081-exec-1] INFO  com.cts.blms.controller.CustomerController - Directed to Home page 
2025-05-23 11:48:41 [http-nio-8081-exec-1] DEBUG com.cts.blms.controller.CustomerController - Null valueCustomer(customerId=0, name=null, email=null, password=null, phone=null, address=null, kycStatus=null)
2025-05-23 11:49:31 [restartedMain] INFO  com.cts.blms.BlmsApplication - Starting BlmsApplication using Java 21.0.6 with PID 10132 (C:\Users\2400632\git\Bank_Loan_Management_System\blms\target\classes started by 2400632 in C:\Users\2400632\git\Bank_Loan_Management_System\blms)
2025-05-23 11:49:31 [restartedMain] DEBUG com.cts.blms.BlmsApplication - Running with Spring Boot v3.4.5, Spring v6.2.6
2025-05-23 11:49:31 [restartedMain] INFO  com.cts.blms.BlmsApplication - No active profile set, falling back to 1 default profile: "default"
2025-05-23 11:49:33 [restartedMain] INFO  com.cts.blms.BlmsApplication - Started BlmsApplication in 1.812 seconds (process running for 73.49)
2025-05-23 11:49:34 [restartedMain] INFO  com.cts.blms.BlmsApplication - Starting BlmsApplication using Java 21.0.6 with PID 10132 (C:\Users\2400632\git\Bank_Loan_Management_System\blms\target\classes started by 2400632 in C:\Users\2400632\git\Bank_Loan_Management_System\blms)
2025-05-23 11:49:34 [restartedMain] DEBUG com.cts.blms.BlmsApplication - Running with Spring Boot v3.4.5, Spring v6.2.6
2025-05-23 11:49:34 [restartedMain] INFO  com.cts.blms.BlmsApplication - No active profile set, falling back to 1 default profile: "default"
2025-05-23 11:49:36 [restartedMain] INFO  com.cts.blms.BlmsApplication - Started BlmsApplication in 1.715 seconds (process running for 76.841)
2025-05-23 11:49:41 [http-nio-8081-exec-2] INFO  com.cts.blms.controller.CustomerController - Directed to Home page 
2025-05-23 11:49:41 [http-nio-8081-exec-2] DEBUG com.cts.blms.controller.CustomerController - Null valueCustomer(customerId=0, name=null, email=null, password=null, phone=null, address=null, kycStatus=null)
2025-05-23 11:49:43 [http-nio-8081-exec-4] INFO  com.cts.blms.controller.CustomerController - Directed to Home page 
2025-05-23 11:49:43 [http-nio-8081-exec-4] DEBUG com.cts.blms.controller.CustomerController - Null valueCustomer(customerId=0, name=null, email=null, password=null, phone=null, address=null, kycStatus=null)
2025-05-23 11:50:18 [restartedMain] INFO  com.cts.blms.BlmsApplication - Starting BlmsApplication using Java 21.0.6 with PID 10132 (C:\Users\2400632\git\Bank_Loan_Management_System\blms\target\classes started by 2400632 in C:\Users\2400632\git\Bank_Loan_Management_System\blms)
2025-05-23 11:50:18 [restartedMain] DEBUG com.cts.blms.BlmsApplication - Running with Spring Boot v3.4.5, Spring v6.2.6
2025-05-23 11:50:18 [restartedMain] INFO  com.cts.blms.BlmsApplication - No active profile set, falling back to 1 default profile: "default"
2025-05-23 11:50:19 [restartedMain] INFO  com.cts.blms.BlmsApplication - Started BlmsApplication in 1.329 seconds (process running for 120.234)
2025-05-23 11:50:22 [restartedMain] INFO  com.cts.blms.BlmsApplication - Starting BlmsApplication using Java 21.0.6 with PID 10132 (C:\Users\2400632\git\Bank_Loan_Management_System\blms\target\classes started by 2400632 in C:\Users\2400632\git\Bank_Loan_Management_System\blms)
2025-05-23 11:50:22 [restartedMain] DEBUG com.cts.blms.BlmsApplication - Running with Spring Boot v3.4.5, Spring v6.2.6
2025-05-23 11:50:22 [restartedMain] INFO  com.cts.blms.BlmsApplication - No active profile set, falling back to 1 default profile: "default"
2025-05-23 11:50:23 [restartedMain] INFO  com.cts.blms.BlmsApplication - Started BlmsApplication in 1.175 seconds (process running for 124.039)
2025-05-23 11:50:32 [http-nio-8081-exec-2] INFO  com.cts.blms.controller.CustomerController - Directed to Home page 
2025-05-23 11:50:32 [http-nio-8081-exec-2] DEBUG com.cts.blms.controller.CustomerController - Null valueCustomer(customerId=0, name=null, email=null, password=null, phone=null, address=null, kycStatus=null)
2025-05-23 11:51:39 [restartedMain] INFO  com.cts.blms.BlmsApplication - Starting BlmsApplication using Java 21.0.6 with PID 10132 (C:\Users\2400632\git\Bank_Loan_Management_System\blms\target\classes started by 2400632 in C:\Users\2400632\git\Bank_Loan_Management_System\blms)
2025-05-23 11:51:39 [restartedMain] DEBUG com.cts.blms.BlmsApplication - Running with Spring Boot v3.4.5, Spring v6.2.6
2025-05-23 11:51:39 [restartedMain] INFO  com.cts.blms.BlmsApplication - No active profile set, falling back to 1 default profile: "default"
2025-05-23 11:51:41 [restartedMain] INFO  com.cts.blms.BlmsApplication - Started BlmsApplication in 1.299 seconds (process running for 201.541)
2025-05-23 12:03:08 [http-nio-8081-exec-7] INFO  com.cts.blms.controller.CustomerController - Directed to Home page 
2025-05-23 12:03:08 [http-nio-8081-exec-7] DEBUG com.cts.blms.controller.CustomerController - Null valueCustomer(customerId=0, name=null, email=null, password=null, phone=null, address=null, kycStatus=null)
2025-05-23 12:03:30 [http-nio-8081-exec-9] INFO  com.cts.blms.controller.CustomerController - Directed to Home page 
2025-05-23 12:03:30 [http-nio-8081-exec-9] DEBUG com.cts.blms.controller.CustomerController - Null valueCustomer(customerId=0, name=null, email=null, password=null, phone=null, address=null, kycStatus=null)
2025-05-23 12:03:43 [http-nio-8081-exec-3] INFO  com.cts.blms.controller.CustomerController - Directed to Home page 
2025-05-23 12:03:43 [http-nio-8081-exec-3] DEBUG com.cts.blms.controller.CustomerController - Null valueCustomer(customerId=0, name=null, email=null, password=null, phone=null, address=null, kycStatus=null)
2025-05-23 12:05:36 [http-nio-8081-exec-1] INFO  com.cts.blms.controller.CustomerController - Directed to Home page 
2025-05-23 12:05:36 [http-nio-8081-exec-1] DEBUG com.cts.blms.controller.CustomerController - Null valueCustomer(customerId=0, name=null, email=null, password=null, phone=null, address=null, kycStatus=null)
2025-05-23 12:05:40 [http-nio-8081-exec-4] INFO  com.cts.blms.controller.CustomerController - Directed to Home page 
2025-05-23 12:05:40 [http-nio-8081-exec-4] DEBUG com.cts.blms.controller.CustomerController - Null valueCustomer(customerId=0, name=null, email=null, password=null, phone=null, address=null, kycStatus=null)
2025-05-23 12:05:44 [http-nio-8081-exec-7] INFO  com.cts.blms.controller.CustomerController - Directed to Home page 
2025-05-23 12:05:44 [http-nio-8081-exec-7] DEBUG com.cts.blms.controller.CustomerController - Null valueCustomer(customerId=0, name=null, email=null, password=null, phone=null, address=null, kycStatus=null)
2025-05-23 13:44:55 [http-nio-8081-exec-7] INFO  com.cts.blms.controller.CustomerController - Directed to Home page 
2025-05-23 13:44:55 [http-nio-8081-exec-7] DEBUG com.cts.blms.controller.CustomerController - Null valueCustomer(customerId=0, name=null, email=null, password=null, phone=null, address=null, kycStatus=null)
2025-05-23 14:18:28 [http-nio-8081-exec-4] INFO  com.cts.blms.controller.CustomerController - Directed to Home page 
2025-05-23 14:18:28 [http-nio-8081-exec-4] DEBUG com.cts.blms.controller.CustomerController - Null valueCustomer(customerId=0, name=null, email=null, password=null, phone=null, address=null, kycStatus=null)
2025-05-23 14:18:37 [http-nio-8081-exec-7] INFO  com.cts.blms.controller.CustomerController - Directed to Home page 
2025-05-23 14:18:37 [http-nio-8081-exec-7] DE2025-05-23 14:42:29 [restartedMain] INFO  com.cts.blms.BlmsApplication - Starting BlmsApplication using Java 21.0.6 with PID 17596 (C:\Users\2400632\git\Bank_Loan_Management_System\blms\target\classes started by 2400632 in C:\Users\2400632\git\Bank_Loan_Management_System\blms)
2025-05-23 14:42:29 [restartedMain] DEBUG com.cts.blms.BlmsApplication - Running with Spring Boot v3.4.5, Spring v6.2.6
2025-05-23 14:42:29 [restartedMain] INFO  com.cts.blms.BlmsApplication - No active profile set, falling back to 1 default profile: "default"
2025-05-23 14:42:34 [restartedMain] INFO  com.cts.blms.BlmsApplication - Started BlmsApplication in 5.204 seconds (process running for 6.513)
2025-05-23 14:42:57 [http-nio-8081-exec-2] INFO  com.cts.blms.controller.CustomerController - Directed to Home page 
2025-05-23 14:42:57 [http-nio-8081-exec-2] DEBUG com.cts.blms.controller.CustomerController - Null valueCustomer(customerId=0, name=null, email=null, password=null, phone=null, address=null, kycStatus=null)
2025-05-23 14:44:19 [restartedMain] INFO  com.cts.blms.BlmsApplication - Starting BlmsApplication using Java 21.0.6 with PID 20440 (C:\Users\2400632\git\Bank_Loan_Management_System\blms\target\classes started by 2400632 in C:\Users\2400632\git\Bank_Loan_Management_System\blms)
2025-05-23 14:44:19 [restartedMain] DEBUG com.cts.blms.BlmsApplication - Running with Spring Boot v3.4.5, Spring v6.2.6
2025-05-23 14:44:19 [restartedMain] INFO  com.cts.blms.BlmsApplication - No active profile set, falling back to 1 default profile: "default"
2025-05-23 14:44:24 [restartedMain] INFO  com.cts.blms.BlmsApplication - Started BlmsApplication in 6.044 seconds (process running for 7.93)
2025-05-23 15:10:20 [restartedMain] INFO  com.cts.blms.BlmsApplication - Starting BlmsApplication using Java 21.0.6 with PID 18600 (C:\Users\2400632\git\Bank_Loan_Management_System\blms\target\classes started by 2400632 in C:\Users\2400632\git\Bank_Loan_Management_System\blms)
2025-05-23 15:10:20 [restartedMain] DEBUG com.cts.blms.BlmsApplication - Running with Spring Boot v3.4.5, Spring v6.2.6
2025-05-23 15:10:20 [restartedMain] INFO  com.cts.blms.BlmsApplication - No active profile set, falling back to 1 default profile: "default"
2025-05-23 15:10:24 [restartedMain] INFO  com.cts.blms.BlmsApplication - Started BlmsApplication in 4.233 seconds (process running for 5.894)
2025-05-23 15:10:40 [http-nio-8081-exec-4] INFO  com.cts.blms.controller.CustomerController - Directed to Home page 
2025-05-23 15:10:40 [http-nio-8081-exec-4] DEBUG com.cts.blms.controller.CustomerController - Null valueCustomer(customerId=0, name=null, email=null, password=null, phone=null, address=null, kycStatus=null)
2025-05-23 15:14:16 [restartedMain] INFO  com.cts.blms.BlmsApplication - Starting BlmsApplication using Java 21.0.6 with PID 20676 (C:\Users\2400632\git\Bank_Loan_Management_System\blms\target\classes started by 2400632 in C:\Users\2400632\git\Bank_Loan_Management_System\blms)
2025-05-23 15:14:16 [restartedMain] DEBUG com.cts.blms.BlmsApplication - Running with Spring Boot v3.4.5, Spring v6.2.6
2025-05-23 15:14:16 [restartedMain] INFO  com.cts.blms.BlmsApplication - No active profile set, falling back to 1 default profile: "default"
2025-05-23 15:14:20 [restartedMain] INFO  com.cts.blms.BlmsApplication - Started BlmsApplication in 3.831 seconds (process running for 4.991)
2025-05-23 15:19:09 [http-nio-8081-exec-9] INFO  com.cts.blms.controller.CustomerController - Directed to Home page 
2025-05-23 15:19:09 [http-nio-8081-exec-9] DEBUG com.cts.blms.controller.CustomerController - Null valueCustomer(customerId=0, name=null, email=null, password=null, phone=null, address=null, kycStatus=null)
2025-05-23 15:19:16 [http-nio-8081-exec-3] INFO  com.cts.blms.controller.CustomerController - Directed to Home page 
2025-05-23 15:19:16 [http-nio-8081-exec-3] DEBUG com.cts.blms.controller.CustomerController - Null valueCustomer(customerId=0, name=null, email=null, password=null, phone=null, address=null, kycStatus=null)
2025-05-23 15:20:21 [http-nio-8081-exec-9] INFO  com.cts.blms.controller.CustomerController - Directed to Home page 
2025-05-23 15:20:21 [http-nio-8081-exec-9] DEBUG com.cts.blms.controller.CustomerController - Null valueCustomer(customerId=0, name=null, email=null, password=null, phone=null, address=null, kycStatus=null)
2025-05-23 15:20:22 [http-nio-8081-exec-10] INFO  com.cts.blms.controller.CustomerController - Directed to Home page 
2025-05-23 15:20:22 [http-nio-8081-exec-10] DEBUG com.cts.blms.controller.CustomerController - Null valueCustomer(customerId=0, name=null, email=null, password=null, phone=null, address=null, kycStatus=null)
2025-05-23 15:21:14 [http-nio-8081-exec-2] INFO  com.cts.blms.controller.CustomerController - Directed to Home page 
2025-05-23 15:21:14 [http-nio-8081-exec-2] DEBUG com.cts.blms.controller.CustomerController - Null valueCustomer(customerId=0, name=null, email=null, password=null, phone=null, address=null, kycStatus=null)
2025-05-23 15:21:50 [http-nio-8081-exec-5] INFO  com.cts.blms.controller.CustomerController - Directed to Home page 
2025-05-23 15:21:50 [http-nio-8081-exec-5] DEBUG com.cts.blms.controller.CustomerController - Null valueCustomer(customerId=0, name=null, email=null, password=null, phone=null, address=null, kycStatus=null)
2025-05-23 15:23:34 [http-nio-8081-exec-9] INFO  com.cts.blms.controller.CustomerController - Directed to Home page 
2025-05-23 15:23:34 [http-nio-8081-exec-9] DEBUG com.cts.blms.controller.CustomerController - Null valueCustomer(customerId=0, name=null, email=null, password=null, phone=null, address=null, kycStatus=null)
2025-05-23 15:23:59 [http-nio-8081-exec-1] INFO  com.cts.blms.controller.CustomerController - Directed to Home page 
2025-05-23 15:23:59 [http-nio-8081-exec-1] DEBUG com.cts.blms.controller.CustomerController - Null valueCustomer(customerId=0, name=null, email=null, password=null, phone=null, address=null, kycStatus=null)
2025-05-23 15:24:24 [http-nio-8081-exec-4] INFO  com.cts.blms.controller.CustomerController - Directed to Home page 
2025-05-23 15:24:24 [http-nio-8081-exec-4] DEBUG com.cts.blms.controller.CustomerController - Null valueCustomer(customerId=0, name=null, email=null, password=null, phone=null, address=null, kycStatus=null)
2025-05-23 15:24:44 [http-nio-8081-exec-8] INFO  com.cts.blms.controller.CustomerController - Directed to Home page 
2025-05-23 15:24:44 [http-nio-8081-exec-8] DEBUG com.cts.blms.controller.CustomerController - Null valueCustomer(customerId=0, name=null, email=null, password=null, phone=null, address=null, kycStatus=null)
2025-05-23 15:25:38 [http-nio-8081-exec-10] INFO  com.cts.blms.controller.CustomerController - Directed to Home page 
2025-05-23 15:25:38 [http-nio-8081-exec-10] DEBUG com.cts.blms.controller.CustomerController - Null valueCustomer(customerId=0, name=null, email=null, password=null, phone=null, address=null, kycStatus=null)
2025-05-23 15:28:39 [restartedMain] INFO  com.cts.blms.BlmsApplication - Starting BlmsApplication using Java 21.0.6 with PID 20676 (C:\Users\2400632\git\Bank_Loan_Management_System\blms\target\classes started by 2400632 in C:\Users\2400632\git\Bank_Loan_Management_System\blms)
2025-05-23 15:28:39 [restartedMain] DEBUG com.cts.blms.BlmsApplication - Running with Spring Boot v3.4.5, Spring v6.2.6
2025-05-23 15:28:39 [restartedMain] INFO  com.cts.blms.BlmsApplication - No active profile set, falling back to 1 default profile: "default"
2025-05-23 15:28:39 [restartedMain] INFO  com.cts.blms.BlmsApplication - Started BlmsApplication in 0.718 seconds (process running for 864.393)
2025-05-23 15:30:00 [http-nio-8081-exec-1] INFO  com.cts.blms.controller.CustomerController - Directed to Home page 
2025-05-23 15:30:00 [http-nio-8081-exec-1] DEBUG com.cts.blms.controller.CustomerController - Null valueCustomer(customerId=0, name=null, email=null, password=null, phone=null, address=null, kycStatus=null)
2025-05-23 15:33:51 [http-nio-8081-exec-3] INFO  com.cts.blms.controller.CustomerController - Directed to Home page 
2025-05-23 15:33:51 [http-nio-8081-exec-3] DEBUG com.cts.blms.controller.CustomerController - Null valueCustomer(customerId=0, name=null, email=null, password=null, phone=null, address=null, kycStatus=null)
2025-05-23 15:35:05 [http-nio-8081-exec-10] INFO  com.cts.blms.controller.CustomerController - Directed to Home page 
2025-05-23 15:35:05 [http-nio-8081-exec-10] DEBUG com.cts.blms.controller.CustomerController - Null valueCustomer(customerId=0, name=null, email=null, password=null, phone=null, address=null, kycStatus=null)
2025-05-23 15:37:05 [http-nio-8081-exec-9] INFO  com.cts.blms.controller.CustomerController - Directed to Home page 
2025-05-23 15:37:05 [http-nio-8081-exec-9] DEBUG com.cts.blms.controller.CustomerController - Null valueCustomer(customerId=0, name=null, email=null, password=null, phone=null, address=null, kycStatus=null)
2025-05-23 16:06:20 [http-nio-8081-exec-6] INFO  com.cts.blms.controller.CustomerController - Directed to Home page 
2025-05-23 16:06:20 [http-nio-8081-exec-6] DEBUG com.cts.blms.controller.CustomerController - Null valueCustomer(customerId=0, name=null, email=null, password=null, phone=null, address=null, kycStatus=null)
